=== пятница, 13 марта 2026 г. 19:27:52 (MSK) ===
пятница, 13 марта 2026 г. 19:27:52 (MSK) - ✅ States synchronized
=== пятница, 13 марта 2026 г. 19:27:57 (MSK) ===
пятница, 13 марта 2026 г. 19:27:57 (MSK) - ✅ States synchronized
=== пятница, 13 марта 2026 г. 19:28:02 (MSK) ===
пятница, 13 марта 2026 г. 19:28:02 (MSK) - ⚠️  DRIFT DETECTED!
Reconciling current state with desired state...
пятница, 13 марта 2026 г. 19:28:02 (MSK) - ✅ Reconciliation complete
=== пятница, 13 марта 2026 г. 19:28:07 (MSK) ===
пятница, 13 марта 2026 г. 19:28:07 (MSK) - ✅ States synchronized
=== пятница, 13 марта 2026 г. 19:28:12 (MSK) ===
пятница, 13 марта 2026 г. 19:28:12 (MSK) - ✅ States synchronized
=== пятница, 13 марта 2026 г. 19:28:17 (MSK) ===
пятница, 13 марта 2026 г. 19:28:17 (MSK) - ✅ States synchronized
=== пятница, 13 марта 2026 г. 19:28:22 (MSK) ===
пятница, 13 марта 2026 г. 19:28:22 (MSK) - ✅ States synchronized
=== пятница, 13 марта 2026 г. 19:28:27 (MSK) ===
пятница, 13 марта 2026 г. 19:28:27 (MSK) - ✅ States synchronized
=== пятница, 13 марта 2026 г. 19:28:32 (MSK) ===
пятница, 13 марта 2026 г. 19:28:32 (MSK) - ✅ States synchronized
=== пятница, 13 марта 2026 г. 19:28:37 (MSK) ===
пятница, 13 марта 2026 г. 19:28:37 (MSK) - ✅ States synchronized
=== пятница, 13 марта 2026 г. 19:28:42 (MSK) ===
пятница, 13 марта 2026 г. 19:28:42 (MSK) - ✅ States synchronized
=== пятница, 13 марта 2026 г. 19:28:47 (MSK) ===
пятница, 13 марта 2026 г. 19:28:47 (MSK) - ✅ States synchronized
=== пятница, 13 марта 2026 г. 19:28:52 (MSK) ===
пятница, 13 марта 2026 г. 19:28:52 (MSK) - ✅ States synchronized
