these 4 derivations will be built:
  /nix/store/gy9b70icx4qsp6zg5gkh91kbx6452i22-quicknotes-config.json.drv
  /nix/store/lzazs42qw2xhmvr5m0pzb36blp0mxfpa-docker-layer-quicknotes.drv
  /nix/store/awha70hl0nh2f1j1pl7vrc06s08mxn7i-runtime-deps.drv
  /nix/store/lbg0xqhlcmfqjdvig8k591rrsifwrwnm-docker-image-quicknotes.tar.gz.drv
these 24 paths will be fetched (22.2 MiB download, 77.1 MiB unpacked):
  /nix/store/3cm442kyvrhr0nzw78scwdgll1pirmjb-jansson-2.14.1
  /nix/store/fbdgfpp0sv2g3izw04snnw2lq3x1wd8y-jq-1.8.1
  /nix/store/9bl4bqnjk4bf5f4hjlb0jdhbvkl2m9pg-jq-1.8.1-bin
  /nix/store/932qmf5mz9vx0licn5h8pzzv0a3dzk7x-jq-1.8.1-dev
  /nix/store/rv021ybvmm3bwrzhfmp8wxwj8gk8zsh9-jshon-20170302
  /nix/store/fcn7j45ia0vf1x6cjbmmff725xza1l4b-libxcrypt-4.5.2
  /nix/store/s25bgas7765qycgsqky3qls860irr2p8-lz4-1.10.0-lib
  /nix/store/l0qhyid5kagg1b8zss8im3brp6xmbj8s-moreutils-0.70
  /nix/store/ammry9gjdzz6q1nilriax65zc75f5q4f-oniguruma-6.9.10-lib
  /nix/store/by19gg2pqp2b1gqphdf6bwk2g3hgak79-openssl-3.6.2
  /nix/store/55c9z5n6flgs7mcsw9rsy0ldnxkbxwnn-perl-5.40.0
  /nix/store/329mivmib3802jlxh28x068s5w12l814-perl-5.40.0-env
  /nix/store/zrcxv9x77wg7s2dyrj8nk67m17v59smx-perl-5.40.0-man
  /nix/store/56yrgvnlr4l5gzxk6axglw9l05lmc7ag-perl5.40.0-IO-Tty-1.20
  /nix/store/y9907xl81fqrp9zpng2dv5pn4il934m3-perl5.40.0-IPC-Run-20231003.0
  /nix/store/4fdflsnb7zpwjbm64kmw5ayn4hzrqx9c-perl5.40.0-Time-Duration-1.21
  /nix/store/ji9p53rza4s127zssnc2aapsicfr26k8-perl5.40.0-TimeDate-2.33
  /nix/store/qivy7vpn0b3wjzydwbrp73izqqkmczj2-pigz-2.8
  /nix/store/ymq77dg4zhnfvbpsqdkspgdqxm9b9zc1-popt-1.19
  /nix/store/v8k5wk7kfkapi231pq31yf1y79gnhm3z-rsync-3.4.1
  /nix/store/pvir9l70j66xb9prq9cvq313r2n2na58-stdenv-linux
  /nix/store/yh6m8anpjqkav986p6vxixmydvnzzlgq-tarsum
  /nix/store/cqk6vygf5wy16kqd4mkivrydk0vvv767-xxHash-0.8.3
  /nix/store/4sq0awhi6w9zw9qb08amnams96a0kwp5-zstd-1.5.7
copying path '/nix/store/qivy7vpn0b3wjzydwbrp73izqqkmczj2-pigz-2.8' from 'https://cache.nixos.org'...
copying path '/nix/store/pvir9l70j66xb9prq9cvq313r2n2na58-stdenv-linux' from 'https://cache.nixos.org'...
copying path '/nix/store/3cm442kyvrhr0nzw78scwdgll1pirmjb-jansson-2.14.1' from 'https://cache.nixos.org'...
copying path '/nix/store/yh6m8anpjqkav986p6vxixmydvnzzlgq-tarsum' from 'https://cache.nixos.org'...
copying path '/nix/store/zrcxv9x77wg7s2dyrj8nk67m17v59smx-perl-5.40.0-man' from 'https://cache.nixos.org'...
copying path '/nix/store/4fdflsnb7zpwjbm64kmw5ayn4hzrqx9c-perl5.40.0-Time-Duration-1.21' from 'https://cache.nixos.org'...
copying path '/nix/store/ji9p53rza4s127zssnc2aapsicfr26k8-perl5.40.0-TimeDate-2.33' from 'https://cache.nixos.org'...
copying path '/nix/store/ammry9gjdzz6q1nilriax65zc75f5q4f-oniguruma-6.9.10-lib' from 'https://cache.nixos.org'...
copying path '/nix/store/s25bgas7765qycgsqky3qls860irr2p8-lz4-1.10.0-lib' from 'https://cache.nixos.org'...
copying path '/nix/store/by19gg2pqp2b1gqphdf6bwk2g3hgak79-openssl-3.6.2' from 'https://cache.nixos.org'...
copying path '/nix/store/56yrgvnlr4l5gzxk6axglw9l05lmc7ag-perl5.40.0-IO-Tty-1.20' from 'https://cache.nixos.org'...
copying path '/nix/store/ymq77dg4zhnfvbpsqdkspgdqxm9b9zc1-popt-1.19' from 'https://cache.nixos.org'...
copying path '/nix/store/cqk6vygf5wy16kqd4mkivrydk0vvv767-xxHash-0.8.3' from 'https://cache.nixos.org'...
copying path '/nix/store/4sq0awhi6w9zw9qb08amnams96a0kwp5-zstd-1.5.7' from 'https://cache.nixos.org'...
copying path '/nix/store/fcn7j45ia0vf1x6cjbmmff725xza1l4b-libxcrypt-4.5.2' from 'https://cache.nixos.org'...
building '/nix/store/gy9b70icx4qsp6zg5gkh91kbx6452i22-quicknotes-config.json.drv'...
copying path '/nix/store/y9907xl81fqrp9zpng2dv5pn4il934m3-perl5.40.0-IPC-Run-20231003.0' from 'https://cache.nixos.org'...
copying path '/nix/store/55c9z5n6flgs7mcsw9rsy0ldnxkbxwnn-perl-5.40.0' from 'https://cache.nixos.org'...
copying path '/nix/store/rv021ybvmm3bwrzhfmp8wxwj8gk8zsh9-jshon-20170302' from 'https://cache.nixos.org'...
copying path '/nix/store/fbdgfpp0sv2g3izw04snnw2lq3x1wd8y-jq-1.8.1' from 'https://cache.nixos.org'...
copying path '/nix/store/9bl4bqnjk4bf5f4hjlb0jdhbvkl2m9pg-jq-1.8.1-bin' from 'https://cache.nixos.org'...
copying path '/nix/store/v8k5wk7kfkapi231pq31yf1y79gnhm3z-rsync-3.4.1' from 'https://cache.nixos.org'...
copying path '/nix/store/932qmf5mz9vx0licn5h8pzzv0a3dzk7x-jq-1.8.1-dev' from 'https://cache.nixos.org'...
building '/nix/store/lzazs42qw2xhmvr5m0pzb36blp0mxfpa-docker-layer-quicknotes.drv'...
building '/nix/store/awha70hl0nh2f1j1pl7vrc06s08mxn7i-runtime-deps.drv'...
copying path '/nix/store/329mivmib3802jlxh28x068s5w12l814-perl-5.40.0-env' from 'https://cache.nixos.org'...
copying path '/nix/store/l0qhyid5kagg1b8zss8im3brp6xmbj8s-moreutils-0.70' from 'https://cache.nixos.org'...
building '/nix/store/lbg0xqhlcmfqjdvig8k591rrsifwrwnm-docker-image-quicknotes.tar.gz.drv'...
