copying path '/nix/store/4k79ns9drp02wyvcix81c7nnz4hn8psi-source' from 'https://cache.nixos.org'...
this derivation will be built:
  /nix/store/v4q2ddc492hzmiwv3r5jw0nmvib6j046-quicknotes-0.1.0.drv
these 49 paths will be fetched (148.2 MiB download, 560.8 MiB unpacked):
  /nix/store/f9zy83r51fxj1j8db10pv5ccvvakrsyd-acl-2.3.2
  /nix/store/yz9fdbdlmfyvivgxkwdsnj5l0lg7j0c0-attr-2.5.2
  /nix/store/3hgg7pr65imdrifqqh3flg3arvkc2r22-bash-5.3p3
  /nix/store/i7mdvmliqcb5lz0nqija8rq55vws6gi8-binutils-2.44
  /nix/store/y2my9k2qqbm3ldcgflkmfp9rz2595v8c-binutils-2.44-lib
  /nix/store/iz5lckcsg66r223si2gck7csk2hihj0m-binutils-wrapper-2.44
  /nix/store/c9gi6iyyki9z92gycdb13wbpjqxwsxis-bzip2-1.0.8
  /nix/store/g36v1ss2ywkqp751wlkhnd8n9zaqkg2w-bzip2-1.0.8-bin
  /nix/store/hqkszxk2c0cxvd04xa4gsaqs182dw8l2-coreutils-9.8
  /nix/store/cw3a3yz8vrfsz53ypjw8hspy5hzzx2py-diffutils-3.12
  /nix/store/c6grv5gm7rav850gaggagr248wy5r3kq-ed-1.22.2
  /nix/store/762xf2r1zmpyk5m2jk2k51iyrz1cj7s8-expand-response-params
  /nix/store/018l43lbsqbrsasrfdcxxb5s4s161fkr-file-5.45
  /nix/store/8xhaz2ysixijy8sgzmwmhlialqqind1p-findutils-4.10.0
  /nix/store/88d79vz87a5g3wsclabrgqd93jqh5yv8-gawk-5.3.2
  /nix/store/ipr6y28viyqkhkg58rdvy27m01q5j5nh-gcc-14.3.0
  /nix/store/ybp235ps7m4yd85v0pgvqkhd4xmxf6jq-gcc-14.3.0-lib
  /nix/store/phpq5h7cp6y1w84aysy29548irqy5dd9-gcc-14.3.0-libgcc
  /nix/store/8v97ngkcpfzgghwnnr7fsz33p2x22gy9-gcc-wrapper-14.3.0
  /nix/store/7nbi22pcc92y2fqbkyp7h3srvvklmckb-glibc-2.40-224
  /nix/store/6s5jp0cchd4jjq474xkfymj18l6i5x95-glibc-2.40-224-bin
  /nix/store/39l6rhxg9qb07q3862p4zcr2s4146p1r-glibc-2.40-224-dev
  /nix/store/7n5v17xplf71jkc7km6kk6midfzmd3s7-gmp-6.3.0
  /nix/store/dw8qxi3l3j5ip7i6kjyp9jnr4nsp63g7-gmp-with-cxx-6.3.0
  /nix/store/ay97s1f26l2l965g2wxiy9is8k7yngsi-gnu-config-2024-01-01
  /nix/store/k3wiv3qqa4y0im5v1iq2jy4h9cm32dfc-gnugrep-3.12
  /nix/store/djjc508wnfdwmkv5xrxxqx5r2v09yxfp-gnumake-4.4.1
  /nix/store/4zi0y6cmpjnbhmgrx7vfgqkyv5z1z4z0-gnused-4.9
  /nix/store/xl6pd2spjajwcpq09fnmnjv5psqmlmma-gnutar-1.35
  /nix/store/chnw5pjgm6dkqq2j1cfx7qggv4br2gdx-go-1.25.10
  /nix/store/rhp8ph1q699irvmacp27x3sw84slk32i-gzip-1.14
  /nix/store/75pp3hj82iirdfl7c153akl56kpffn1z-iana-etc-20250505
  /nix/store/agj742h6zh3d5xwr1z0kd83jbf466fv3-isl-0.20
  /nix/store/qywg7bxskvihq62ms2g51fkzkrdnyfkh-libidn2-2.3.8
  /nix/store/yjvlpi792ihsf7n6ciwfzb4r0avsa4wd-libmpc-1.3.1
  /nix/store/hjwppd89fk8781xl4r35xqlddwqi5f66-libunistring-1.4.1
  /nix/store/9a975kwlj5hyfq8y6hsapfaj5pj7g090-linux-headers-6.16.7
  /nix/store/7g2rwy25wdndxy3zr7q8d49bxyjbzcw0-mailcap-2.1.54
  /nix/store/xns8hyvcxcj38sn3zfqdyzjs0647g0hx-mpfr-4.2.2
  /nix/store/wgnxx41q3d2cx6j5wk2s5bkjyzrr3ggn-patch-2.8
  /nix/store/5mrhn7sj5hmx1sqqj1568sya450yarvx-patchelf-0.15.2
  /nix/store/nm1r86xxvj45gyqpxha74cddb3d28wzm-pcre2-10.46
  /nix/store/0i25iw4373868kjqhafvmd6pn1wwzkh3-stdenv-linux
  /nix/store/qa63hibyghja8i40f907q9g97cvkdw8c-tzdata-2026b
  /nix/store/4s62rh5iq4n39jh159vnyhcw5vcxd4dn-update-autotools-gnu-config-scripts-hook
  /nix/store/fv5lgysa3hmf3l3dkkpwvndcg6xwhy8m-xgcc-14.3.0-libgcc
  /nix/store/pgkgcrhsdiz08rinb4crlcykd5fj15l2-xz-5.8.3
  /nix/store/3x3p3mhwn18q7qplxn34i13rdmswi0qm-xz-5.8.3-bin
  /nix/store/lf793zr9yfa0dpph8jlxbbdnvnahvq8b-zlib-1.3.2
copying path '/nix/store/75pp3hj82iirdfl7c153akl56kpffn1z-iana-etc-20250505' from 'https://cache.nixos.org'...
copying path '/nix/store/7g2rwy25wdndxy3zr7q8d49bxyjbzcw0-mailcap-2.1.54' from 'https://cache.nixos.org'...
copying path '/nix/store/qa63hibyghja8i40f907q9g97cvkdw8c-tzdata-2026b' from 'https://cache.nixos.org'...
copying path '/nix/store/ay97s1f26l2l965g2wxiy9is8k7yngsi-gnu-config-2024-01-01' from 'https://cache.nixos.org'...
copying path '/nix/store/fv5lgysa3hmf3l3dkkpwvndcg6xwhy8m-xgcc-14.3.0-libgcc' from 'https://cache.nixos.org'...
copying path '/nix/store/hjwppd89fk8781xl4r35xqlddwqi5f66-libunistring-1.4.1' from 'https://cache.nixos.org'...
copying path '/nix/store/9a975kwlj5hyfq8y6hsapfaj5pj7g090-linux-headers-6.16.7' from 'https://cache.nixos.org'...
copying path '/nix/store/phpq5h7cp6y1w84aysy29548irqy5dd9-gcc-14.3.0-libgcc' from 'https://cache.nixos.org'...
copying path '/nix/store/4s62rh5iq4n39jh159vnyhcw5vcxd4dn-update-autotools-gnu-config-scripts-hook' from 'https://cache.nixos.org'...
copying path '/nix/store/qywg7bxskvihq62ms2g51fkzkrdnyfkh-libidn2-2.3.8' from 'https://cache.nixos.org'...
copying path '/nix/store/7nbi22pcc92y2fqbkyp7h3srvvklmckb-glibc-2.40-224' from 'https://cache.nixos.org'...
copying path '/nix/store/yz9fdbdlmfyvivgxkwdsnj5l0lg7j0c0-attr-2.5.2' from 'https://cache.nixos.org'...
copying path '/nix/store/3hgg7pr65imdrifqqh3flg3arvkc2r22-bash-5.3p3' from 'https://cache.nixos.org'...
copying path '/nix/store/c9gi6iyyki9z92gycdb13wbpjqxwsxis-bzip2-1.0.8' from 'https://cache.nixos.org'...
copying path '/nix/store/c6grv5gm7rav850gaggagr248wy5r3kq-ed-1.22.2' from 'https://cache.nixos.org'...
copying path '/nix/store/762xf2r1zmpyk5m2jk2k51iyrz1cj7s8-expand-response-params' from 'https://cache.nixos.org'...
copying path '/nix/store/88d79vz87a5g3wsclabrgqd93jqh5yv8-gawk-5.3.2' from 'https://cache.nixos.org'...
copying path '/nix/store/ybp235ps7m4yd85v0pgvqkhd4xmxf6jq-gcc-14.3.0-lib' from 'https://cache.nixos.org'...
copying path '/nix/store/6s5jp0cchd4jjq474xkfymj18l6i5x95-glibc-2.40-224-bin' from 'https://cache.nixos.org'...
copying path '/nix/store/7n5v17xplf71jkc7km6kk6midfzmd3s7-gmp-6.3.0' from 'https://cache.nixos.org'...
copying path '/nix/store/djjc508wnfdwmkv5xrxxqx5r2v09yxfp-gnumake-4.4.1' from 'https://cache.nixos.org'...
copying path '/nix/store/4zi0y6cmpjnbhmgrx7vfgqkyv5z1z4z0-gnused-4.9' from 'https://cache.nixos.org'...
copying path '/nix/store/nm1r86xxvj45gyqpxha74cddb3d28wzm-pcre2-10.46' from 'https://cache.nixos.org'...
copying path '/nix/store/lf793zr9yfa0dpph8jlxbbdnvnahvq8b-zlib-1.3.2' from 'https://cache.nixos.org'...
copying path '/nix/store/pgkgcrhsdiz08rinb4crlcykd5fj15l2-xz-5.8.3' from 'https://cache.nixos.org'...
copying path '/nix/store/f9zy83r51fxj1j8db10pv5ccvvakrsyd-acl-2.3.2' from 'https://cache.nixos.org'...
copying path '/nix/store/chnw5pjgm6dkqq2j1cfx7qggv4br2gdx-go-1.25.10' from 'https://cache.nixos.org'...
copying path '/nix/store/rhp8ph1q699irvmacp27x3sw84slk32i-gzip-1.14' from 'https://cache.nixos.org'...
copying path '/nix/store/g36v1ss2ywkqp751wlkhnd8n9zaqkg2w-bzip2-1.0.8-bin' from 'https://cache.nixos.org'...
copying path '/nix/store/wgnxx41q3d2cx6j5wk2s5bkjyzrr3ggn-patch-2.8' from 'https://cache.nixos.org'...
copying path '/nix/store/y2my9k2qqbm3ldcgflkmfp9rz2595v8c-binutils-2.44-lib' from 'https://cache.nixos.org'...
copying path '/nix/store/018l43lbsqbrsasrfdcxxb5s4s161fkr-file-5.45' from 'https://cache.nixos.org'...
copying path '/nix/store/3x3p3mhwn18q7qplxn34i13rdmswi0qm-xz-5.8.3-bin' from 'https://cache.nixos.org'...
copying path '/nix/store/agj742h6zh3d5xwr1z0kd83jbf466fv3-isl-0.20' from 'https://cache.nixos.org'...
copying path '/nix/store/xns8hyvcxcj38sn3zfqdyzjs0647g0hx-mpfr-4.2.2' from 'https://cache.nixos.org'...
copying path '/nix/store/39l6rhxg9qb07q3862p4zcr2s4146p1r-glibc-2.40-224-dev' from 'https://cache.nixos.org'...
copying path '/nix/store/k3wiv3qqa4y0im5v1iq2jy4h9cm32dfc-gnugrep-3.12' from 'https://cache.nixos.org'...
copying path '/nix/store/xl6pd2spjajwcpq09fnmnjv5psqmlmma-gnutar-1.35' from 'https://cache.nixos.org'...
copying path '/nix/store/yjvlpi792ihsf7n6ciwfzb4r0avsa4wd-libmpc-1.3.1' from 'https://cache.nixos.org'...
copying path '/nix/store/i7mdvmliqcb5lz0nqija8rq55vws6gi8-binutils-2.44' from 'https://cache.nixos.org'...
copying path '/nix/store/5mrhn7sj5hmx1sqqj1568sya450yarvx-patchelf-0.15.2' from 'https://cache.nixos.org'...
copying path '/nix/store/dw8qxi3l3j5ip7i6kjyp9jnr4nsp63g7-gmp-with-cxx-6.3.0' from 'https://cache.nixos.org'...
copying path '/nix/store/ipr6y28viyqkhkg58rdvy27m01q5j5nh-gcc-14.3.0' from 'https://cache.nixos.org'...
copying path '/nix/store/hqkszxk2c0cxvd04xa4gsaqs182dw8l2-coreutils-9.8' from 'https://cache.nixos.org'...
copying path '/nix/store/cw3a3yz8vrfsz53ypjw8hspy5hzzx2py-diffutils-3.12' from 'https://cache.nixos.org'...
copying path '/nix/store/8xhaz2ysixijy8sgzmwmhlialqqind1p-findutils-4.10.0' from 'https://cache.nixos.org'...
copying path '/nix/store/iz5lckcsg66r223si2gck7csk2hihj0m-binutils-wrapper-2.44' from 'https://cache.nixos.org'...
copying path '/nix/store/8v97ngkcpfzgghwnnr7fsz33p2x22gy9-gcc-wrapper-14.3.0' from 'https://cache.nixos.org'...
copying path '/nix/store/0i25iw4373868kjqhafvmd6pn1wwzkh3-stdenv-linux' from 'https://cache.nixos.org'...
building '/nix/store/v4q2ddc492hzmiwv3r5jw0nmvib6j046-quicknotes-0.1.0.drv'...
